<?xml version="1.0" encoding="UTF-8"?>
<Site BuildName="(empty)"
	BuildStamp="20241126-1511-Experimental"
	Name="(empty)"
	Generator="ctest-3.31.0-rc1"
	CompilerName=""
	CompilerVersion=""
	OSName="Windows"
	Hostname="arenz-wks-13"
	OSRelease=" Professional"
	OSVersion=" (Build 19045)"
	OSPlatform="AMD64"
	Is64Bits="1"
	VendorString="AuthenticAMD"
	VendorID="Advanced Micro Devices"
	FamilyID="15"
	ModelID="8"
	ModelName="AMD Ryzen 5 3400G with Radeon Vega Graphics    "
	ProcessorCacheSize="96"
	NumberOfLogicalCPU="8"
	NumberOfPhysicalCPU="4"
	TotalVirtualMemory="32460"
	TotalPhysicalMemory="16076"
	LogicalProcessorsPerPhysical="2"
	ProcessorClockFrequency="3699"
	>
	<Testing>
		<StartDateTime>Nov 26 16:11 W. Europe Standard Time</StartDateTime>
		<StartTestTime>1732633900</StartTestTime>
		<TestList/>
		<EndDateTime>Nov 26 16:11 W. Europe Standard Time</EndDateTime>
		<EndTestTime>1732633900</EndTestTime>
		<ElapsedMinutes>0</ElapsedMinutes>
	</Testing>
</Site>
